C:\Users\cagrikilic\source\repos\RolePlayingGame\RolePlayingGame\ClientApp\dist\out-tsc\e2e\src\app.po.js
C:\Users\cagrikilic\source\repos\RolePlayingGame\RolePlayingGame\ClientApp\dist\out-tsc\e2e\src\app.po.js.map
C:\Users\cagrikilic\source\repos\RolePlayingGame\RolePlayingGame\ClientApp\dist\out-tsc\e2e\src\app.e2e-spec.js
C:\Users\cagrikilic\source\repos\RolePlayingGame\RolePlayingGame\ClientApp\dist\out-tsc\e2e\src\app.e2e-spec.js.map
C:\Users\cagrikilic\source\repos\RolePlayingGame\RolePlayingGame\ClientApp\dist\out-tsc\src\app\models\skill.js
C:\Users\cagrikilic\source\repos\RolePlayingGame\RolePlayingGame\ClientApp\dist\out-tsc\src\app\models\skill.js.map
C:\Users\cagrikilic\source\repos\RolePlayingGame\RolePlayingGame\ClientApp\dist\out-tsc\src\app\models\weapon.js
C:\Users\cagrikilic\source\repos\RolePlayingGame\RolePlayingGame\ClientApp\dist\out-tsc\src\app\models\weapon.js.map
C:\Users\cagrikilic\source\repos\RolePlayingGame\RolePlayingGame\ClientApp\dist\out-tsc\src\app\models\character.js
C:\Users\cagrikilic\source\repos\RolePlayingGame\RolePlayingGame\ClientApp\dist\out-tsc\src\app\models\character.js.map
C:\Users\cagrikilic\source\repos\RolePlayingGame\RolePlayingGame\ClientApp\dist\out-tsc\src\app\_services\auth.service.js
C:\Users\cagrikilic\source\repos\RolePlayingGame\RolePlayingGame\ClientApp\dist\out-tsc\src\app\_services\auth.service.js.map
C:\Users\cagrikilic\source\repos\RolePlayingGame\RolePlayingGame\ClientApp\dist\out-tsc\src\app\models\ServiceResponse.js
C:\Users\cagrikilic\source\repos\RolePlayingGame\RolePlayingGame\ClientApp\dist\out-tsc\src\app\models\ServiceResponse.js.map
C:\Users\cagrikilic\source\repos\RolePlayingGame\RolePlayingGame\ClientApp\dist\out-tsc\src\app\_services\token-storage.service.js
C:\Users\cagrikilic\source\repos\RolePlayingGame\RolePlayingGame\ClientApp\dist\out-tsc\src\app\_services\token-storage.service.js.map
C:\Users\cagrikilic\source\repos\RolePlayingGame\RolePlayingGame\ClientApp\dist\out-tsc\src\app\models\addCharacterDto.js
C:\Users\cagrikilic\source\repos\RolePlayingGame\RolePlayingGame\ClientApp\dist\out-tsc\src\app\models\addCharacterDto.js.map
C:\Users\cagrikilic\source\repos\RolePlayingGame\RolePlayingGame\ClientApp\dist\out-tsc\src\app\_services\character.service.js
C:\Users\cagrikilic\source\repos\RolePlayingGame\RolePlayingGame\ClientApp\dist\out-tsc\src\app\_services\character.service.js.map
C:\Users\cagrikilic\source\repos\RolePlayingGame\RolePlayingGame\ClientApp\dist\out-tsc\src\app\character-add\character-add.component.js
C:\Users\cagrikilic\source\repos\RolePlayingGame\RolePlayingGame\ClientApp\dist\out-tsc\src\app\character-add\character-add.component.js.map
C:\Users\cagrikilic\source\repos\RolePlayingGame\RolePlayingGame\ClientApp\dist\out-tsc\src\app\character\character.component.js
C:\Users\cagrikilic\source\repos\RolePlayingGame\RolePlayingGame\ClientApp\dist\out-tsc\src\app\character\character.component.js.map
C:\Users\cagrikilic\source\repos\RolePlayingGame\RolePlayingGame\ClientApp\dist\out-tsc\src\app\characters\characters.component.js
C:\Users\cagrikilic\source\repos\RolePlayingGame\RolePlayingGame\ClientApp\dist\out-tsc\src\app\characters\characters.component.js.map
C:\Users\cagrikilic\source\repos\RolePlayingGame\RolePlayingGame\ClientApp\dist\out-tsc\src\app\login\login.component.js
C:\Users\cagrikilic\source\repos\RolePlayingGame\RolePlayingGame\ClientApp\dist\out-tsc\src\app\login\login.component.js.map
C:\Users\cagrikilic\source\repos\RolePlayingGame\RolePlayingGame\ClientApp\dist\out-tsc\src\app\register\register.component.js
C:\Users\cagrikilic\source\repos\RolePlayingGame\RolePlayingGame\ClientApp\dist\out-tsc\src\app\register\register.component.js.map
C:\Users\cagrikilic\source\repos\RolePlayingGame\RolePlayingGame\ClientApp\dist\out-tsc\src\app\app-routing.module.js
C:\Users\cagrikilic\source\repos\RolePlayingGame\RolePlayingGame\ClientApp\dist\out-tsc\src\app\app-routing.module.js.map
C:\Users\cagrikilic\source\repos\RolePlayingGame\RolePlayingGame\ClientApp\dist\out-tsc\src\app\app.component.js
C:\Users\cagrikilic\source\repos\RolePlayingGame\RolePlayingGame\ClientApp\dist\out-tsc\src\app\app.component.js.map
C:\Users\cagrikilic\source\repos\RolePlayingGame\RolePlayingGame\ClientApp\dist\out-tsc\src\app\home\home.component.js
C:\Users\cagrikilic\source\repos\RolePlayingGame\RolePlayingGame\ClientApp\dist\out-tsc\src\app\home\home.component.js.map
C:\Users\cagrikilic\source\repos\RolePlayingGame\RolePlayingGame\ClientApp\dist\out-tsc\src\app\_helpers\auth.interceptor.js
C:\Users\cagrikilic\source\repos\RolePlayingGame\RolePlayingGame\ClientApp\dist\out-tsc\src\app\_helpers\auth.interceptor.js.map
C:\Users\cagrikilic\source\repos\RolePlayingGame\RolePlayingGame\ClientApp\dist\out-tsc\src\app\fight\fight.component.js
C:\Users\cagrikilic\source\repos\RolePlayingGame\RolePlayingGame\ClientApp\dist\out-tsc\src\app\fight\fight.component.js.map
C:\Users\cagrikilic\source\repos\RolePlayingGame\RolePlayingGame\ClientApp\dist\out-tsc\src\app\app.module.js
C:\Users\cagrikilic\source\repos\RolePlayingGame\RolePlayingGame\ClientApp\dist\out-tsc\src\app\app.module.js.map
C:\Users\cagrikilic\source\repos\RolePlayingGame\RolePlayingGame\ClientApp\dist\out-tsc\src\environments\environment.js
C:\Users\cagrikilic\source\repos\RolePlayingGame\RolePlayingGame\ClientApp\dist\out-tsc\src\environments\environment.js.map
C:\Users\cagrikilic\source\repos\RolePlayingGame\RolePlayingGame\ClientApp\dist\out-tsc\src\main.js
C:\Users\cagrikilic\source\repos\RolePlayingGame\RolePlayingGame\ClientApp\dist\out-tsc\src\main.js.map
C:\Users\cagrikilic\source\repos\RolePlayingGame\RolePlayingGame\ClientApp\dist\out-tsc\src\polyfills.js
C:\Users\cagrikilic\source\repos\RolePlayingGame\RolePlayingGame\ClientApp\dist\out-tsc\src\polyfills.js.map
C:\Users\cagrikilic\source\repos\RolePlayingGame\RolePlayingGame\ClientApp\dist\out-tsc\src\test.js
C:\Users\cagrikilic\source\repos\RolePlayingGame\RolePlayingGame\ClientApp\dist\out-tsc\src\test.js.map
C:\Users\cagrikilic\source\repos\RolePlayingGame\RolePlayingGame\ClientApp\dist\out-tsc\src\app\app.component.spec.js
C:\Users\cagrikilic\source\repos\RolePlayingGame\RolePlayingGame\ClientApp\dist\out-tsc\src\app\app.component.spec.js.map
C:\Users\cagrikilic\source\repos\RolePlayingGame\RolePlayingGame\ClientApp\dist\out-tsc\src\app\_services\auth.service.spec.js
C:\Users\cagrikilic\source\repos\RolePlayingGame\RolePlayingGame\ClientApp\dist\out-tsc\src\app\_services\auth.service.spec.js.map
C:\Users\cagrikilic\source\repos\RolePlayingGame\RolePlayingGame\ClientApp\dist\out-tsc\src\app\_services\character.service.spec.js
C:\Users\cagrikilic\source\repos\RolePlayingGame\RolePlayingGame\ClientApp\dist\out-tsc\src\app\_services\character.service.spec.js.map
C:\Users\cagrikilic\source\repos\RolePlayingGame\RolePlayingGame\ClientApp\dist\out-tsc\src\app\models\FightResultDto.js
C:\Users\cagrikilic\source\repos\RolePlayingGame\RolePlayingGame\ClientApp\dist\out-tsc\src\app\models\FightResultDto.js.map
C:\Users\cagrikilic\source\repos\RolePlayingGame\RolePlayingGame\ClientApp\dist\out-tsc\src\app\models\FightRequestDto.js
C:\Users\cagrikilic\source\repos\RolePlayingGame\RolePlayingGame\ClientApp\dist\out-tsc\src\app\models\FightRequestDto.js.map
C:\Users\cagrikilic\source\repos\RolePlayingGame\RolePlayingGame\ClientApp\dist\out-tsc\src\app\_services\fight.service.js
C:\Users\cagrikilic\source\repos\RolePlayingGame\RolePlayingGame\ClientApp\dist\out-tsc\src\app\_services\fight.service.js.map
C:\Users\cagrikilic\source\repos\RolePlayingGame\RolePlayingGame\ClientApp\dist\out-tsc\src\app\_services\fight.service.spec.js
C:\Users\cagrikilic\source\repos\RolePlayingGame\RolePlayingGame\ClientApp\dist\out-tsc\src\app\_services\fight.service.spec.js.map
C:\Users\cagrikilic\source\repos\RolePlayingGame\RolePlayingGame\ClientApp\dist\out-tsc\src\app\_services\token-storage.service.spec.js
C:\Users\cagrikilic\source\repos\RolePlayingGame\RolePlayingGame\ClientApp\dist\out-tsc\src\app\_services\token-storage.service.spec.js.map
C:\Users\cagrikilic\source\repos\RolePlayingGame\RolePlayingGame\ClientApp\dist\out-tsc\src\app\_services\user.service.js
C:\Users\cagrikilic\source\repos\RolePlayingGame\RolePlayingGame\ClientApp\dist\out-tsc\src\app\_services\user.service.js.map
C:\Users\cagrikilic\source\repos\RolePlayingGame\RolePlayingGame\ClientApp\dist\out-tsc\src\app\_services\user.service.spec.js
C:\Users\cagrikilic\source\repos\RolePlayingGame\RolePlayingGame\ClientApp\dist\out-tsc\src\app\_services\user.service.spec.js.map
C:\Users\cagrikilic\source\repos\RolePlayingGame\RolePlayingGame\ClientApp\dist\out-tsc\src\app\character\character.component.spec.js
C:\Users\cagrikilic\source\repos\RolePlayingGame\RolePlayingGame\ClientApp\dist\out-tsc\src\app\character\character.component.spec.js.map
C:\Users\cagrikilic\source\repos\RolePlayingGame\RolePlayingGame\ClientApp\dist\out-tsc\src\app\character-add\character-add.component.spec.js
C:\Users\cagrikilic\source\repos\RolePlayingGame\RolePlayingGame\ClientApp\dist\out-tsc\src\app\character-add\character-add.component.spec.js.map
C:\Users\cagrikilic\source\repos\RolePlayingGame\RolePlayingGame\ClientApp\dist\out-tsc\src\app\characters\characters.component.spec.js
C:\Users\cagrikilic\source\repos\RolePlayingGame\RolePlayingGame\ClientApp\dist\out-tsc\src\app\characters\characters.component.spec.js.map
C:\Users\cagrikilic\source\repos\RolePlayingGame\RolePlayingGame\ClientApp\dist\out-tsc\src\app\fight\fight.component.spec.js
C:\Users\cagrikilic\source\repos\RolePlayingGame\RolePlayingGame\ClientApp\dist\out-tsc\src\app\fight\fight.component.spec.js.map
C:\Users\cagrikilic\source\repos\RolePlayingGame\RolePlayingGame\ClientApp\dist\out-tsc\src\app\home\home.component.spec.js
C:\Users\cagrikilic\source\repos\RolePlayingGame\RolePlayingGame\ClientApp\dist\out-tsc\src\app\home\home.component.spec.js.map
C:\Users\cagrikilic\source\repos\RolePlayingGame\RolePlayingGame\ClientApp\dist\out-tsc\src\app\login\login.component.spec.js
C:\Users\cagrikilic\source\repos\RolePlayingGame\RolePlayingGame\ClientApp\dist\out-tsc\src\app\login\login.component.spec.js.map
C:\Users\cagrikilic\source\repos\RolePlayingGame\RolePlayingGame\ClientApp\dist\out-tsc\src\app\register\register.component.spec.js
C:\Users\cagrikilic\source\repos\RolePlayingGame\RolePlayingGame\ClientApp\dist\out-tsc\src\app\register\register.component.spec.js.map
C:\Users\cagrikilic\source\repos\RolePlayingGame\RolePlayingGame\ClientApp\dist\out-tsc\src\environments\environment.prod.js
C:\Users\cagrikilic\source\repos\RolePlayingGame\RolePlayingGame\ClientApp\dist\out-tsc\src\environments\environment.prod.js.map
